<?xml version="1.0" encoding="UTF-8"?>
<!-- Generated by org.testng.reporters.JUnitReportReporter -->
<testsuite hostname="PS-HP-O1GM2MU" failures="0" tests="1" name="tests.LoginTest" time="4.149" errors="0" timestamp="03 Mar 2023 15:00:00 GMT" skipped="0">
  <testcase classname="tests.LoginTest" name="validUserShouldBeAbleToLogin" time="4.149"/>
</testsuite> <!-- tests.LoginTest -->
